<?xml version="1.0" encoding="UTF-8" ?>
<testsuite tests="25" failures="0" name="runners.TestRunner" time="0.019" errors="0" skipped="0">
  <properties>
[...]
</properties>
  <testcase classname="| Admin |" name="Given the Admin user is in login Page" time="0.007"/>
  <testcase classname="| Admin |" name="And he enters &quot;Admin&quot; credentials" time="0"/>
  <testcase classname="| Admin |" name="And click the login button" time="0"/>
  <testcase classname="| Admin |" name="Then the &quot;Admin&quot; is logged into the system" time="0"/>
  <testcase classname="| Admin |" name="| Admin |" time="0.001"/>
  <testcase classname="| Admin | Yashika2 |" name="Given the &quot;Admin&quot; is in Add Employee Page" time="0"/>
  <testcase classname="| Admin | Yashika2 |" name="When he enters &quot;Yashika2&quot; information" time="0"/>
  <testcase classname="| Admin | Yashika2 |" name="And submits form" time="0"/>
  <testcase classname="| Admin | Yashika2 |" name="Then that Employee is shown in the list" time="0"/>
  <testcase classname="| Admin | Yashika2 |" name="| Admin | Yashika2 |" time="0.003"/>
  <testcase classname="| Admin | 1 |" name="Given the &quot;Admin&quot; is in Employee List page" time="0"/>
  <testcase classname="| Admin | 1 |" name="When he enters &quot;1&quot;" time="0"/>
  <testcase classname="| Admin | 1 |" name="And hit Search button" time="0"/>
  <testcase classname="| Admin | 1 |" name="Then relevant employees are listed in the results" time="0"/>
  <testcase classname="| Admin | 1 |" name="| Admin | 1 |" time="0.002"/>
  <testcase classname="| Admin | 2 |" name="Given the &quot;Admin&quot; is in Employee List page" time="0.001"/>
  <testcase classname="| Admin | 2 |" name="When he enters &quot;2&quot;" time="0"/>
  <testcase classname="| Admin | 2 |" name="And hit Search button" time="0.001"/>
  <testcase classname="| Admin | 2 |" name="Then relevant employees are listed in the results" time="0"/>
  <testcase classname="| Admin | 2 |" name="| Admin | 2 |" time="0.003"/>
  <testcase classname="| Admin | 0054 |" name="Given the &quot;Admin&quot; is in Employee List page" time="0"/>
  <testcase classname="| Admin | 0054 |" name="When he selects an &quot;0054&quot;" time="0"/>
  <testcase classname="| Admin | 0054 |" name="And hit delete button" time="0"/>
  <testcase classname="| Admin | 0054 |" name="Then the choosen employee is deleted from the system" time="0"/>
  <testcase classname="| Admin | 0054 |" name="| Admin | 0054 |" time="0.001"/>
</testsuite>